<?xml version="1.0" encoding="UTF-8"?>
<!-- Generated by org.testng.reporters.JUnitReportReporter -->
<testsuite skipped="0" hostname="Simlat_Asus" name="com.ipivot.CarsProject.DataDrivenTest.TestCases" tests="2" failures="0" timestamp="2020-01-08T23:12:16 EST" time="20.587" errors="0">
  <testcase name="testcase1" time="13.097" classname="com.ipivot.CarsProject.DataDrivenTest.TestCases"/>
  <testcase name="testcase2" time="7.490" classname="com.ipivot.CarsProject.DataDrivenTest.TestCases"/>
</testsuite> <!-- com.ipivot.CarsProject.DataDrivenTest.TestCases -->
